<?xml version="1.0" encoding="UTF-8"?>
<testsuite name="org.example.enemies.BasicEnemyFactoryTest" tests="2" skipped="0" failures="0" errors="0" timestamp="2024-06-23T08:25:39" hostname="DESKTOP-OOBHPP4" time="0.003">
  <properties/>
  <testcase name="testCreateEnemyNotNull()" classname="org.example.enemies.BasicEnemyFactoryTest" time="0.001"/>
  <testcase name="testCreateBasicEnemy()" classname="org.example.enemies.BasicEnemyFactoryTest" time="0.001"/>
  <system-out><![CDATA[]]></system-out>
  <system-err><![CDATA[]]></system-err>
</testsuite>
