<?xml version="1.0" encoding="UTF-8"?>
<testsuite name="org.example.wave.WaveTest" tests="2" skipped="0" failures="0" errors="0" timestamp="2024-06-23T08:25:39" hostname="DESKTOP-OOBHPP4" time="0.001">
  <properties/>
  <testcase name="testGenerateEnemies_BasicEnemiesCount()" classname="org.example.wave.WaveTest" time="0.001"/>
  <testcase name="testGenerateEnemies_BossEveryFiveWaves()" classname="org.example.wave.WaveTest" time="0.0"/>
  <system-out><![CDATA[]]></system-out>
  <system-err><![CDATA[]]></system-err>
</testsuite>
