<?xml version="1.0" encoding="UTF-8"?>
<testsuite name="org.example.enemies.BossEnemyFactoryTest" tests="2" skipped="0" failures="0" errors="0" timestamp="2024-06-23T08:25:39" hostname="DESKTOP-OOBHPP4" time="0.004">
  <properties/>
  <testcase name="testCreateEnemyNotNull()" classname="org.example.enemies.BossEnemyFactoryTest" time="0.003"/>
  <testcase name="testCreateBossEnemy()" classname="org.example.enemies.BossEnemyFactoryTest" time="0.001"/>
  <system-out><![CDATA[]]></system-out>
  <system-err><![CDATA[]]></system-err>
</testsuite>
