<?xml version="1.0" encoding="UTF-8"?>
<testsuite name="org.example.enemies.FastEnemyFactoryTest" tests="2" skipped="0" failures="0" errors="0" timestamp="2024-06-23T08:25:39" hostname="DESKTOP-OOBHPP4" time="0.002">
  <properties/>
  <testcase name="testCreateEnemyNotNull()" classname="org.example.enemies.FastEnemyFactoryTest" time="0.002"/>
  <testcase name="testCreateFastEnemy()" classname="org.example.enemies.FastEnemyFactoryTest" time="0.0"/>
  <system-out><![CDATA[]]></system-out>
  <system-err><![CDATA[]]></system-err>
</testsuite>
